{
  "RSpec": {
    "coverage": {
      "/Users/faryahussain/Makers/Bank-Tech-Test/spec/account_spec.rb": {
        "lines": [
          null,
          1,
          1,
          null,
          1,
          10,
          4,
          null,
          null,
          null,
          1,
          2,
          null,
          null,
          1,
          1,
          1,
          null,
          null,
          1,
          1,
          2,
          null,
          null,
          1,
          1,
          2,
          null,
          null,
          1,
          1,
          2,
          null,
          null,
          null,
          1,
          null,
          1,
          2,
          null,
          null,
          1,
          1,
          null,
          null,
          null,
          1,
          null,
          1,
          1,
          2,
          null,
          null,
          1,
          1,
          1,
          null,
          null,
          null,
          null,
          null,
          1,
          null,
          1,
          1,
          1,
          1,
          null,
          null,
          null,
          null,
          null
        ]
      },
      "/Users/faryahussain/Makers/Bank-Tech-Test/lib/account.rb": {
        "lines": [
          1,
          1,
          null,
          1,
          null,
          1,
          null,
          1,
          10,
          10,
          10,
          10,
          null,
          null,
          1,
          7,
          6,
          6,
          6,
          null,
          null,
          1,
          5,
          4,
          1,
          null,
          3,
          3,
          3,
          null,
          null,
          null,
          1,
          1,
          1,
          null,
          null,
          1,
          null,
          1,
          12,
          null,
          null,
          null
        ]
      },
      "/Users/faryahussain/Makers/Bank-Tech-Test/lib/statement_printer.rb": {
        "lines": [
          1,
          null,
          1,
          null,
          1,
          null,
          1,
          2,
          null,
          null,
          1,
          2,
          2,
          3,
          3,
          3,
          3,
          null,
          null
        ]
      },
      "/Users/faryahussain/Makers/Bank-Tech-Test/lib/transactions.rb": {
        "lines": [
          1,
          null,
          1,
          1,
          null,
          1,
          12,
          12,
          null,
          null,
          1,
          7,
          null,
          null,
          1,
          4,
          null,
          null,
          null
        ]
      },
      "/Users/faryahussain/Makers/Bank-Tech-Test/spec/statement_printer_spec.rb": {
        "lines": [
          1,
          null,
          1,
          2,
          2,
          null,
          1,
          1,
          1,
          null,
          null,
          null,
          null
        ]
      },
      "/Users/faryahussain/Makers/Bank-Tech-Test/spec/transactions_spec.rb": {
        "lines": [
          1,
          null,
          1,
          null,
          3,
          3,
          3,
          null,
          1,
          1,
          null,
          null,
          1,
          1,
          null,
          null,
          null
        ]
      }
    },
    "timestamp": 1637174214
  }
}
